[0m[[0mdebug[0m] [0mRunning TaskDef(Scala99Spec, org.scalatest.tools.Framework$$anon$1@1f1900b8, false, [SuiteSelector])[0m
[0m[[0minfo[0m] [0m[36mRun completed in 346 milliseconds.[0m[0m
[0m[[0minfo[0m] [0m[36mTotal number of tests run: 10[0m[0m
[0m[[0minfo[0m] [0m[36mSuites: completed 1, aborted 0[0m[0m
[0m[[0minfo[0m] [0m[36mTests: succeeded 0, failed 10, canceled 0, ignored 0, pending 0[0m[0m
[0m[[0minfo[0m] [0m[31m*** 10 TESTS FAILED ***[0m[0m
[0m[[31merror[0m] [0mFailed tests:[0m
[0m[[31merror[0m] [0m	Scala99Spec[0m
[0m[[31merror[0m] [0m(test:[31mtest[0m) sbt.TestsFailedException: Tests unsuccessful[0m
