[0m[[0minfo[0m] [0m[32mScala99Spec:[0m[0m
[0m[[0minfo[0m] [0m[32mScala99[0m[0m
[0m[[0minfo[0m] [0m[31m- should Find the last element of a list *** FAILED ***[0m[0m
[0m[[0minfo[0m] [0m[31m  scala.NotImplementedError: an implementation is missing[0m[0m
[0m[[0minfo[0m] [0m[31m  at scala.Predef$.$qmark$qmark$qmark(Predef.scala:225)[0m[0m
[0m[[0minfo[0m] [0m[31m  at Scala99$.last(Scala99.scala:3)[0m[0m
[0m[[0minfo[0m] [0m[31m  at Scala99Spec$$anonfun$1.apply$mcV$sp(Scala99Spec.scala:7)[0m[0m
[0m[[0minfo[0m] [0m[31m  at Scala99Spec$$anonfun$1.apply(Scala99Spec.scala:7)[0m[0m
[0m[[0minfo[0m] [0m[31m  at Scala99Spec$$anonfun$1.apply(Scala99Spec.scala:7)[0m[0m
[0m[[0minfo[0m] [0m[31m  at org.scalatest.Transformer$$anonfun$apply$1.apply$mcV$sp(Transformer.scala:22)[0m[0m
[0m[[0minfo[0m] [0m[31m  at org.scalatest.OutcomeOf$class.outcomeOf(OutcomeOf.scala:85)[0m[0m
[0m[[0minfo[0m] [0m[31m  at org.scalatest.OutcomeOf$.outcomeOf(OutcomeOf.scala:104)[0m[0m
[0m[[0minfo[0m] [0m[31m  at org.scalatest.Transformer.apply(Transformer.scala:22)[0m[0m
[0m[[0minfo[0m] [0m[31m  at org.scalatest.Transformer.apply(Transformer.scala:20)[0m[0m
[0m[[0minfo[0m] [0m[31m  ...[0m[0m
[0m[[0minfo[0m] [0m[31m- should Find the last but one element of a list *** FAILED ***[0m[0m
[0m[[0minfo[0m] [0m[31m  scala.NotImplementedError: an implementation is missing[0m[0m
[0m[[0minfo[0m] [0m[31m  at scala.Predef$.$qmark$qmark$qmark(Predef.scala:225)[0m[0m
[0m[[0minfo[0m] [0m[31m  at Scala99$.penultimate(Scala99.scala:5)[0m[0m
[0m[[0minfo[0m] [0m[31m  at Scala99Spec$$anonfun$2.apply$mcV$sp(Scala99Spec.scala:13)[0m[0m
[0m[[0minfo[0m] [0m[31m  at Scala99Spec$$anonfun$2.apply(Scala99Spec.scala:13)[0m[0m
[0m[[0minfo[0m] [0m[31m  at Scala99Spec$$anonfun$2.apply(Scala99Spec.scala:13)[0m[0m
[0m[[0minfo[0m] [0m[31m  at org.scalatest.Transformer$$anonfun$apply$1.apply$mcV$sp(Transformer.scala:22)[0m[0m
[0m[[0minfo[0m] [0m[31m  at org.scalatest.OutcomeOf$class.outcomeOf(OutcomeOf.scala:85)[0m[0m
[0m[[0minfo[0m] [0m[31m  at org.scalatest.OutcomeOf$.outcomeOf(OutcomeOf.scala:104)[0m[0m
[0m[[0minfo[0m] [0m[31m  at org.scalatest.Transformer.apply(Transformer.scala:22)[0m[0m
[0m[[0minfo[0m] [0m[31m  at org.scalatest.Transformer.apply(Transformer.scala:20)[0m[0m
[0m[[0minfo[0m] [0m[31m  ...[0m[0m
[0m[[0minfo[0m] [0m[31m- should Find the Kth element of a list *** FAILED ***[0m[0m
[0m[[0minfo[0m] [0m[31m  scala.NotImplementedError: an implementation is missing[0m[0m
[0m[[0minfo[0m] [0m[31m  at scala.Predef$.$qmark$qmark$qmark(Predef.scala:225)[0m[0m
[0m[[0minfo[0m] [0m[31m  at Scala99$.kth(Scala99.scala:7)[0m[0m
[0m[[0minfo[0m] [0m[31m  at Scala99Spec$$anonfun$3.apply$mcV$sp(Scala99Spec.scala:19)[0m[0m
[0m[[0minfo[0m] [0m[31m  at Scala99Spec$$anonfun$3.apply(Scala99Spec.scala:19)[0m[0m
[0m[[0minfo[0m] [0m[31m  at Scala99Spec$$anonfun$3.apply(Scala99Spec.scala:19)[0m[0m
[0m[[0minfo[0m] [0m[31m  at org.scalatest.Transformer$$anonfun$apply$1.apply$mcV$sp(Transformer.scala:22)[0m[0m
[0m[[0minfo[0m] [0m[31m  at org.scalatest.OutcomeOf$class.outcomeOf(OutcomeOf.scala:85)[0m[0m
[0m[[0minfo[0m] [0m[31m  at org.scalatest.OutcomeOf$.outcomeOf(OutcomeOf.scala:104)[0m[0m
[0m[[0minfo[0m] [0m[31m  at org.scalatest.Transformer.apply(Transformer.scala:22)[0m[0m
[0m[[0minfo[0m] [0m[31m  at org.scalatest.Transformer.apply(Transformer.scala:20)[0m[0m
[0m[[0minfo[0m] [0m[31m  ...[0m[0m
[0m[[0minfo[0m] [0m[31m- should Find the number of elements of a list *** FAILED ***[0m[0m
[0m[[0minfo[0m] [0m[31m  scala.NotImplementedError: an implementation is missing[0m[0m
[0m[[0minfo[0m] [0m[31m  at scala.Predef$.$qmark$qmark$qmark(Predef.scala:225)[0m[0m
[0m[[0minfo[0m] [0m[31m  at Scala99$.length(Scala99.scala:9)[0m[0m
[0m[[0minfo[0m] [0m[31m  at Scala99Spec$$anonfun$4.apply$mcV$sp(Scala99Spec.scala:25)[0m[0m
[0m[[0minfo[0m] [0m[31m  at Scala99Spec$$anonfun$4.apply(Scala99Spec.scala:25)[0m[0m
[0m[[0minfo[0m] [0m[31m  at Scala99Spec$$anonfun$4.apply(Scala99Spec.scala:25)[0m[0m
[0m[[0minfo[0m] [0m[31m  at org.scalatest.Transformer$$anonfun$apply$1.apply$mcV$sp(Transformer.scala:22)[0m[0m
[0m[[0minfo[0m] [0m[31m  at org.scalatest.OutcomeOf$class.outcomeOf(OutcomeOf.scala:85)[0m[0m
[0m[[0minfo[0m] [0m[31m  at org.scalatest.OutcomeOf$.outcomeOf(OutcomeOf.scala:104)[0m[0m
[0m[[0minfo[0m] [0m[31m  at org.scalatest.Transformer.apply(Transformer.scala:22)[0m[0m
[0m[[0minfo[0m] [0m[31m  at org.scalatest.Transformer.apply(Transformer.scala:20)[0m[0m
[0m[[0minfo[0m] [0m[31m  ...[0m[0m
[0m[[0minfo[0m] [0m[31m- should Reverse a list *** FAILED ***[0m[0m
[0m[[0minfo[0m] [0m[31m  scala.NotImplementedError: an implementation is missing[0m[0m
[0m[[0minfo[0m] [0m[31m  at scala.Predef$.$qmark$qmark$qmark(Predef.scala:225)[0m[0m
[0m[[0minfo[0m] [0m[31m  at Scala99$.reverse(Scala99.scala:11)[0m[0m
[0m[[0minfo[0m] [0m[31m  at Scala99Spec$$anonfun$5.apply$mcV$sp(Scala99Spec.scala:31)[0m[0m
[0m[[0minfo[0m] [0m[31m  at Scala99Spec$$anonfun$5.apply(Scala99Spec.scala:31)[0m[0m
[0m[[0minfo[0m] [0m[31m  at Scala99Spec$$anonfun$5.apply(Scala99Spec.scala:31)[0m[0m
[0m[[0minfo[0m] [0m[31m  at org.scalatest.Transformer$$anonfun$apply$1.apply$mcV$sp(Transformer.scala:22)[0m[0m
[0m[[0minfo[0m] [0m[31m  at org.scalatest.OutcomeOf$class.outcomeOf(OutcomeOf.scala:85)[0m[0m
[0m[[0minfo[0m] [0m[31m  at org.scalatest.OutcomeOf$.outcomeOf(OutcomeOf.scala:104)[0m[0m
[0m[[0minfo[0m] [0m[31m  at org.scalatest.Transformer.apply(Transformer.scala:22)[0m[0m
[0m[[0minfo[0m] [0m[31m  at org.scalatest.Transformer.apply(Transformer.scala:20)[0m[0m
[0m[[0minfo[0m] [0m[31m  ...[0m[0m
[0m[[0minfo[0m] [0m[31m- should Find out whether a list is a palindrome *** FAILED ***[0m[0m
[0m[[0minfo[0m] [0m[31m  scala.NotImplementedError: an implementation is missing[0m[0m
[0m[[0minfo[0m] [0m[31m  at scala.Predef$.$qmark$qmark$qmark(Predef.scala:225)[0m[0m
[0m[[0minfo[0m] [0m[31m  at Scala99$.isPalindrome(Scala99.scala:13)[0m[0m
[0m[[0minfo[0m] [0m[31m  at Scala99Spec$$anonfun$6.apply$mcV$sp(Scala99Spec.scala:37)[0m[0m
[0m[[0minfo[0m] [0m[31m  at Scala99Spec$$anonfun$6.apply(Scala99Spec.scala:37)[0m[0m
[0m[[0minfo[0m] [0m[31m  at Scala99Spec$$anonfun$6.apply(Scala99Spec.scala:37)[0m[0m
[0m[[0minfo[0m] [0m[31m  at org.scalatest.Transformer$$anonfun$apply$1.apply$mcV$sp(Transformer.scala:22)[0m[0m
[0m[[0minfo[0m] [0m[31m  at org.scalatest.OutcomeOf$class.outcomeOf(OutcomeOf.scala:85)[0m[0m
[0m[[0minfo[0m] [0m[31m  at org.scalatest.OutcomeOf$.outcomeOf(OutcomeOf.scala:104)[0m[0m
[0m[[0minfo[0m] [0m[31m  at org.scalatest.Transformer.apply(Transformer.scala:22)[0m[0m
[0m[[0minfo[0m] [0m[31m  at org.scalatest.Transformer.apply(Transformer.scala:20)[0m[0m
[0m[[0minfo[0m] [0m[31m  ...[0m[0m
[0m[[0minfo[0m] [0m[31m- should Flatten a nested list structure *** FAILED ***[0m[0m
[0m[[0minfo[0m] [0m[31m  scala.NotImplementedError: an implementation is missing[0m[0m
[0m[[0minfo[0m] [0m[31m  at scala.Predef$.$qmark$qmark$qmark(Predef.scala:225)[0m[0m
[0m[[0minfo[0m] [0m[31m  at Scala99$.flatten(Scala99.scala:15)[0m[0m
[0m[[0minfo[0m] [0m[31m  at Scala99Spec$$anonfun$7.apply$mcV$sp(Scala99Spec.scala:43)[0m[0m
[0m[[0minfo[0m] [0m[31m  at Scala99Spec$$anonfun$7.apply(Scala99Spec.scala:43)[0m[0m
[0m[[0minfo[0m] [0m[31m  at Scala99Spec$$anonfun$7.apply(Scala99Spec.scala:43)[0m[0m
[0m[[0minfo[0m] [0m[31m  at org.scalatest.Transformer$$anonfun$apply$1.apply$mcV$sp(Transformer.scala:22)[0m[0m
[0m[[0minfo[0m] [0m[31m  at org.scalatest.OutcomeOf$class.outcomeOf(OutcomeOf.scala:85)[0m[0m
[0m[[0minfo[0m] [0m[31m  at org.scalatest.OutcomeOf$.outcomeOf(OutcomeOf.scala:104)[0m[0m
[0m[[0minfo[0m] [0m[31m  at org.scalatest.Transformer.apply(Transformer.scala:22)[0m[0m
[0m[[0minfo[0m] [0m[31m  at org.scalatest.Transformer.apply(Transformer.scala:20)[0m[0m
[0m[[0minfo[0m] [0m[31m  ...[0m[0m
[0m[[0minfo[0m] [0m[31m- should Eliminate consecutive duplicates of list elements *** FAILED ***[0m[0m
[0m[[0minfo[0m] [0m[31m  scala.NotImplementedError: an implementation is missing[0m[0m
[0m[[0minfo[0m] [0m[31m  at scala.Predef$.$qmark$qmark$qmark(Predef.scala:225)[0m[0m
[0m[[0minfo[0m] [0m[31m  at Scala99$.compress(Scala99.scala:17)[0m[0m
[0m[[0minfo[0m] [0m[31m  at Scala99Spec$$anonfun$8.apply$mcV$sp(Scala99Spec.scala:49)[0m[0m
[0m[[0minfo[0m] [0m[31m  at Scala99Spec$$anonfun$8.apply(Scala99Spec.scala:49)[0m[0m
[0m[[0minfo[0m] [0m[31m  at Scala99Spec$$anonfun$8.apply(Scala99Spec.scala:49)[0m[0m
[0m[[0minfo[0m] [0m[31m  at org.scalatest.Transformer$$anonfun$apply$1.apply$mcV$sp(Transformer.scala:22)[0m[0m
[0m[[0minfo[0m] [0m[31m  at org.scalatest.OutcomeOf$class.outcomeOf(OutcomeOf.scala:85)[0m[0m
[0m[[0minfo[0m] [0m[31m  at org.scalatest.OutcomeOf$.outcomeOf(OutcomeOf.scala:104)[0m[0m
[0m[[0minfo[0m] [0m[31m  at org.scalatest.Transformer.apply(Transformer.scala:22)[0m[0m
[0m[[0minfo[0m] [0m[31m  at org.scalatest.Transformer.apply(Transformer.scala:20)[0m[0m
[0m[[0minfo[0m] [0m[31m  ...[0m[0m
[0m[[0minfo[0m] [0m[31m- should Pack consecutive duplicates of list elements into sublists *** FAILED ***[0m[0m
[0m[[0minfo[0m] [0m[31m  scala.NotImplementedError: an implementation is missing[0m[0m
[0m[[0minfo[0m] [0m[31m  at scala.Predef$.$qmark$qmark$qmark(Predef.scala:225)[0m[0m
[0m[[0minfo[0m] [0m[31m  at Scala99$.pack(Scala99.scala:19)[0m[0m
[0m[[0minfo[0m] [0m[31m  at Scala99Spec$$anonfun$9.apply$mcV$sp(Scala99Spec.scala:55)[0m[0m
[0m[[0minfo[0m] [0m[31m  at Scala99Spec$$anonfun$9.apply(Scala99Spec.scala:55)[0m[0m
[0m[[0minfo[0m] [0m[31m  at Scala99Spec$$anonfun$9.apply(Scala99Spec.scala:55)[0m[0m
[0m[[0minfo[0m] [0m[31m  at org.scalatest.Transformer$$anonfun$apply$1.apply$mcV$sp(Transformer.scala:22)[0m[0m
[0m[[0minfo[0m] [0m[31m  at org.scalatest.OutcomeOf$class.outcomeOf(OutcomeOf.scala:85)[0m[0m
[0m[[0minfo[0m] [0m[31m  at org.scalatest.OutcomeOf$.outcomeOf(OutcomeOf.scala:104)[0m[0m
[0m[[0minfo[0m] [0m[31m  at org.scalatest.Transformer.apply(Transformer.scala:22)[0m[0m
[0m[[0minfo[0m] [0m[31m  at org.scalatest.Transformer.apply(Transformer.scala:20)[0m[0m
[0m[[0minfo[0m] [0m[31m  ...[0m[0m
[0m[[0minfo[0m] [0m[31m- should Run-length encoding of a list *** FAILED ***[0m[0m
[0m[[0minfo[0m] [0m[31m  scala.NotImplementedError: an implementation is missing[0m[0m
[0m[[0minfo[0m] [0m[31m  at scala.Predef$.$qmark$qmark$qmark(Predef.scala:225)[0m[0m
[0m[[0minfo[0m] [0m[31m  at Scala99$.encode(Scala99.scala:21)[0m[0m
[0m[[0minfo[0m] [0m[31m  at Scala99Spec$$anonfun$10.apply$mcV$sp(Scala99Spec.scala:61)[0m[0m
[0m[[0minfo[0m] [0m[31m  at Scala99Spec$$anonfun$10.apply(Scala99Spec.scala:61)[0m[0m
[0m[[0minfo[0m] [0m[31m  at Scala99Spec$$anonfun$10.apply(Scala99Spec.scala:61)[0m[0m
[0m[[0minfo[0m] [0m[31m  at org.scalatest.Transformer$$anonfun$apply$1.apply$mcV$sp(Transformer.scala:22)[0m[0m
[0m[[0minfo[0m] [0m[31m  at org.scalatest.OutcomeOf$class.outcomeOf(OutcomeOf.scala:85)[0m[0m
[0m[[0minfo[0m] [0m[31m  at org.scalatest.OutcomeOf$.outcomeOf(OutcomeOf.scala:104)[0m[0m
[0m[[0minfo[0m] [0m[31m  at org.scalatest.Transformer.apply(Transformer.scala:22)[0m[0m
[0m[[0minfo[0m] [0m[31m  at org.scalatest.Transformer.apply(Transformer.scala:20)[0m[0m
[0m[[0minfo[0m] [0m[31m  ...[0m[0m
